[    0.000000] Initializing cgroup subsys cpuset
[    0.000000] Initializing cgroup subsys cpu
[    0.000000] Initializing cgroup subsys cpuacct
[    0.000000] Linux version 4.4.0-134-generic (buildd@lgw01-amd64-033) (gcc version 5.4.0 20160609 (Ubuntu 5.4.0-6ubuntu1~16.04.10) ) #160-Ubuntu SMP Wed Aug 15 14:58:00 UTC 2018 (Ubuntu 4.4.0-134.160-generic 4.4.140)
[    0.000000] Command line: BOOT_IMAGE=/boot/vmlinuz-4.4.0-134-generic root=LABEL=cloudimg-rootfs ro console=tty1 console=ttyS0
[    0.000000] KERNEL supported cpus:
[    0.000000]   Intel GenuineIntel
[    0.000000]   AMD AuthenticAMD
[    0.000000]   Centaur CentaurHauls
[    0.000000] x86/fpu: xstate_offset[2]:  576, xstate_sizes[2]:  256
[    0.000000] x86/fpu: Supporting XSAVE feature 0x01: 'x87 floating point registers'
[    0.000000] x86/f: uppoing XSAVE feature 0x02: 'SSE registers'
[    0.000000] x86/fpu: Supporting XSAVE feare 04:AV registers'
[    0.000000] x86/fpu: Enabled xstate features 0x7, context size is 832 bytes, using 'standard' format.
[    0.000000] e820: BIOS-provided physical RAM map:
[    0.000000] BIOS-e820: [mem 0x0000000000000000-0x000000000009fbff] usable
[    0.000000] BIOS-e820: [mem 0x000000000009fc00-0x000000000009ffff] reserved
[    0.000000] BIOS-e820: [mem 0x00000000000f0000-0x00000000000fffff] reserved
[    0.000000] BIOS-e820: [mem 0x0000000000100000-0x000000003ffeffff] usable
[    0.000000] BIOS-e820: [mem 0x000000003fff0000-0x000000003fffffff] ACPI data
[    0.000000] BIOS-e820: [mem 0x00000000fec00000-0x00000000fec00fff] reserved
[    0.000000] BIOS-e820: [mem 0x00000000fee00000-0x00000000fee00fff] reserved
[    0.000000] BIOS-e820: [mem 0x00000000fffc0000-0x00000000ffffffff] reserved
[    0.000000] NX (Execute Disable) protection: active
[    0.000000] SMBIOS 2.5 present.
[    0.000000] Hypervisor detected: KVM
[    0.000000] e820: last_pfn = 0x3fff0 max_arch_pfn = 0x40000000
[    .000000] MTRRDibled
[    0.000000] x86/PAT: MTRRs disabled, skipping PAT initialization too.
[    0.000000] CPU MTRRs all blank - virtualized system.
[    0.000000] x86/PAT: Configuration [0-7]: WB  WT  UC- UC  WB  WT  UC- UC  
[    0.000000] found SMP MP-table at [mem 0x0009fff0-0x0009ffff] mapped at [ffff88000009fff0]
[    0.000000] Scanning 1 areas for low memory corruption
[    0.000000] RAMDISK: [mem 0x3630c000-0x3717dfff]
[    0.000000] ACPI: Early table checksum verification disabled
[    0.000000] ACPI: RSDP 0x00000000000E0000 000024 (v02 VBOX  )
[    0.000000] ACPI: XSDT 0x000000003FFF0030 00003C (v01 VBOX   VBOXXSDT 00000001 ASL  00000061)
[    0.000000] ACPI: FACP 0x000000003FFF00F0 0000F4 (v04 VBOX   VBOXFACP 00000001 ASL  00000061)
[    0.000000] ACPI: DSDT 0x000000003FFF0470 0021FF (v02 VBOX   VBOXBIOS 00000002 INTL 20180629)
[    0.000000] ACPI: FACS 0x000000003FFF0200 000040
[    0.000000] ACPI: FACS 0x000000003FFF0200 000040
[    0.000000] ACPI: APIC 0x000000003FFF0240 00005C (v02 VBOX   VBOXAPIC 00000001 ASL  00000061)
[    0.000000] ACPI: SSDT 0x000000003FFF02A0 0001CC (v01 VBOX   VBOXCPUT 00000002 INTL 20180629)
[    0.000000] No NUMA configuration found
[    0.000000] Faking a node at [mem 0x0000000000000000-0x000000003ffeffff]
[    0.000000] NODE_DATA(0) allocated [mem 0x3ffeb000-0x3ffeffff]
[    0.000000] kvm-clock: Using msrs 4b564d01 and 4b564d00
[    0.000000] kvm-clock: cpu 0, msr 0:3ffe3001, primary cpu clock
[    0.000000] kvm-clock: using sched offset of 3092947294 cycles
[    0.000000] clocksource: kvm-clock: mask: 0xffffffffffffffff max_cycles: 0x1cd42e4dffb, max_idle_ns: 881590591483 ns
[    0.000000] Zone ranges:
[    0.000000]   DMA      [mem 0x0000000000001000-0x0000000000ffffff]
[    0.000000]   DMA32    [mem 0x0000000001000000-0x000000003ffeffff]
[    0.000000]   Normal   empty
[    0.000000]   Device   empty
[    0.000000] Movable zone start for each node
[    0.000000] Early memory node ranges
[    0.000000]   node   0: [mem 0x0000000000001000-0x000000000009efff]
[    0.000000]   node   0: [mem 0x0000000000100000-0x000000003ffeffff]
[    0.000000] Initmem setup node 0 [mem 0x0000000000001000-0x000000003ffeffff]
[    0.000000] ACPI: PM-Timer IO Port: 0x4008
[    0.000000] IOAPIC[0]: apic_id 2, version 32, address 0xfec00000, GSI 0-23
[    0.000000] ACPI: INT_SRC_OVR (bus 0 bus_irq 0 global_irq 2 dfl dfl)
[    0.000000] ACPI: INT_SRC_OVR (bus 0 bus_irq 9 global_irq 9 low level)
[    0.000000] Using ACPI (MADT) for SMP configuration information
[    0.000000] smpboot: Allowing 2 CPUs, 0 hotplug CPUs
[    0.000000] PM: Registered nosave memory: [mem 0x00000000-0x00000fff]
[    0.000000] PM: Registered nosave memory: [mem 0x0009f000-0x0009ffff]
[    0.000000] PM: Registered nosave memory: [mem 0x000a0000-0x000effff]
[    0.000000] PM: Registered nosave memory: [mem 0x000f0000-0x000fffff][    0.000000] e820: [mem 0x40000000-0xfebfffff] available for PCI devices
[    0.000000] Booting paravirtualized kernel on KVM
[    0.000000] clocksource: refined-jiffies: mask: 0xffffffff max_cycles: 0xffffffff, max_idle_ns: 7645519600211568 ns
[    0.000000] setup_percpu: NR_CPUS:512 nr_cpumask_bits:512 nr_cpu_ids:2 nr_node_ids:1
[    0.000000] PERCPU: Embedded 34 pages/cpu @ffff88003fc00000 s99544 r8192 d31528 u1048576
[    0.000000] PV qspinlock hash table entries: 256 (order: 0, 4096 bytes)
[    0.00000 Built 1 zonelists in Node order, mobility grouping on.  Total pages: 257912
[    0.000000] Policy zone: DMA32
[    0.000000] Kernel command line: BOOT_IMAGE=/boot/vmlinuz-4.4.0-134-generic root=LABEL=cloudimg-rootfs ro console=tty1 console=ttyS0
[    0.000000] PID hash table entries: 4096 (order: 3, 32768 bytes)
[    0.000000] Memory: 997724K/1048120K available (8554K kernel code, 1314K rwdata, 4004K rodata, 1516K init, 1316K bss, 50396K reserved, 0K c-reserved)
[    0.000000] SLUB: HWalign=64, Order=0-3, MinObjects=0, CPUs=2, Nodes=1
[    0.000000] Kernel/User page tables isolation: enabled
[    0.000000] Hierarchical RCU implementation.
[    0.000000] 	Build-time adjustment of leaf fanout to 64.
[    0.000000] 	RCU restricting CPUs from NR_CPUS=512 to nr_cpu_ids=2.
[    0.000000] RCU: Adjusting geometry for rcu_fanout_leaf=64, nr_cpu_ids=2
[    0.000000] NR_IRQS:33024 nr_irqs:440 16
[    0.000000] Console: colour VGA+ 80x25
[    0.000000] console [tty1] enabled
[    0.000000] console [ttyS0] enabled
[    0.000000]] tsc: Detected 2711.976 MHz processor
[    0.436561] Calibrating delay loop (skipped) preset value.. 5423.95 BogoMIPS (lpj=10847904)
[    0.437925] pid_max: default: 32768 minimum: 301
[    0.438651] ACPI: Core revision 20150930
[    0.440082] ACPI: 2 ACPI AML tables successfully acquired and loaded
[    0.441161] Security Framework initialized
[    0.441832] Yama: becoming mindful.
[    0.442446] AppArmor: AppArmor initialized
[    0.443180] Dentry cache hash table entries: 131072 (order: 8, 1048576 bytes)
[    0.450006] Inode-cache hash table entries: 65536 (order: 7, 524288 bytes)
[    0.451081] Mount-cache hash table entries: 2048 (order: 2, 16384 bytes)
[    0.452069] Mountpoint-cache hash table entries: 2048 (order: 2, 16384 bytes)
[    0.453205] Initializing cgroup subsys io
[    0.453876] Initializing cgroup subsys memory
[    0.454579] Initializing cgroup subsys devices
[    0.455292] Initializing cgroup subsys freezer
[    0.456048] Initializing cgroup subsys net_cls
[    0.456758] Initializing cgroup subsys perf_event
[    0.460650] Initializing cgroup subsys net_prio
[    0.466666] Initializing cgroup subsys hugetlb
[    0.467382] Initializing cgroup subsys pids
[    0.469155] mce: CPU supports 0 MCE banks
[    0.469836] Last level iTLB entries: 4KB 64, 2MB 8, 4MB 8
[    0.470661] Last level dTLB entries: 4KB 64, 2MB 0, 4MB 0, 1GB 4
[    0.471582] Spectre V2 : Mitigation: Full generic retpoline
[    0.472441] Spectre V2 : Speculation control IBPB not-supported IBRS not-supported
[    0.473499] Spectre V2 : Filling RSB on context switch
[    0.474510] Speculative Store Bypass: Vulnerable
[    0.477217] Freeing SMP alternatives memory: 32K
[    0.484378] ftrace: allocating 32266 entries in 127 pages
[    0.529455] smpboot: APIC(0) Converting physical 0 to logical package 0
[    0.530458] smpboot: Max logical packages: 1
[    0.531363] x2apic enabled
[    0.532066] Switched APIC routing to physical x2apic.
[    0.533749] ..TIMER: vector=0x30 apic1=0 pin1=2 apic2=-1 pin2=-1
[    0.639889] smpboot: CPU0: Intel(R) Core(TM) i5-7300U CPU @ 2.60GHz (family: 0x6, model: 0x8e, stepping: 0x9)
[    0.641586] Performance Events: unsupported p6 CPU model 142 no PMU driver, software events only.
[    0.643079] KVM setup paravirtual spinlock
[    0.644374] x86: Booting SMP configuration:
[    0.645071] .... node  #0, CPUs:      #1
[    0.645837] kvm-clock: cpu 1, msr 0:3ffe3041, secondary cpu clock
[    0.647977] mce: CPU supports 0 MCE banks
[    0.658211] x86: Booted up 1 node, 2 CPUs
[    0.659040] smpboot: Total of 2 processors activated (10847.90 BogoMIPS)
[    0.660357] devtmpfs: initialized
[    0.662335] evm: security.selinux
[    0.662922] evm: security.SMACK64
[    0.663500] evm: security.SMACK64EXEC
[    0.664130] evm: security.SMACK64TRANSMUTE
[    0.664798] evm: security.SMACK64MMAP
[    0.665416] evm: security.ima
[    0.665955] evm: security.capability
[    0.666733] clocksource: jiffies: mask: 0xffffffff max_cycles: 0xffffffff, max_idle_ns: 7645041785100000 ns
[    0.668221] futex hash table entries: 512 (order: 3, 32768 bytes)
[    0.669236] pinctrl core: initialized pinctrl subsystem
[    0.670122] RTC time: 18:45:38, date: 08/29/18
[    0.670989] NET: Registered protocol family 16
[    0.680541] cpuidle: using governor ladder
[    0.692169] cpuidle: using governor menu
[    0.692964] PCCT header not found.
[    0.706445] ACPI: bus type PCI registered
[    0.707041] acpiphp: ACPI Hot Plug PCI Controller Driver version: 0.5
[    0.707953] PCI: Using configuration type 1 for base access
[    0.720607] ACPI: Added _OSI(Module Device)
[    0.816923] ACPI: Added _OSI(Processor Device)
[    0.817640] ACPI: Added _OSI(3.0 _SCP Extensions)
[    0.818380] ACPI: Added _OSI(Processor Aggregator Device)
[    0.819763] ACPI: Executed 1 blocks of module-level executable AML code
[    0.822464] ACPI: Interpreter enabled
[    0.823099] ACPI: (supports S0 S5)
[    0.823690] ACPI: Using IOAPIC for interrupt routing
[    0.824593] PCI: Using host bridge windows from ACPI; if necessary, use "pci=nocrs" and report a bug
[    0.828709] ACPI: PCI Root Bridge [PCI0] (domain 0000 [bus 00-ff])
[    0.829639] acpi PNP0A03:00: _OSC: OS supports [ASPM ClockPM Segments MSI]
[    0.830646] acpi PNP0A03:00: _OSC: not requesting OS control; OS requires [ExtendedConfig ASPM ClockPM MSI]
[    0.832129] acpi PNP0A03:00: fail to add MMCONFIG information, can't access extended PCI configuration space under this bridge.
[    0.834029] PCI host bridge to bus 0000:00
[    0.834703] pci_bus 0000:00: root bus resource [io  0x0000-0x0cf7 window]
[    0.835687] pci_bus 0000:00: root bus resource [io  0x0d00-0xffff window]
[    0.836682] pci_bus 0000:00: root bus resource [mem 0x000a0000-0x000bffff window]
[    0.837903] pci_bus 0000:00: root bus resource [mem 0x40000000-0xfdffffff window]
[    0.839128] pci_bus 0000:00: root bus resource [bus 00-ff]
[    0.841138] pci 0000:00:01.1: legacy IDE quirk: reg 0x10: [io  0x01f0-0x01f7]
[    0.842164] pci 0000:00:01.1: legacy IDE quirk: reg 0x14: [io  0x03f6]
[    0.843125] pci 0000:00:01.1: legacy IDE quirk: reg 0x18: [io  0x0170-0x0177]
[    0.844148] pci 0000:00:01.1: legacy IDE quirk: reg 0x1c: [io  0x0376]
[    0.857852] pci 0000:00:07.0: quirk: [io  0x4000-0x403f] claimed by PIIX4 ACPI
[    0.866553] pci 0000:00:07.0: quirk: [io  0x4100-0x410f] claimed by PIIX4 SMB
[    0.875493] ACPI: PCI Interrupt Link [LNKA] (IRQs 5 9 10 *11)
[    0.877940] ACPI: PCI Interrupt Link [LNKB] (IRQs 5 9 *10 11)
[    0.879174] ACPI: PCI Interrupt Link [LNKC] (IRQs 5 *9 10 11)
[    0.880404] ACPI: PCI Interrupt Link [LNKD] (IRQs 5 9 10 *11)
[    0.881650] ACPI: Enabled 2 GPEs in block 00 to 07
[    0.882766] vgaarb: setting as boot device: PCI:0000:00:02.0
[    0.883550] vgaarb: device added: PCI:0000:00:02.0,decodes=io+mem,owns=io+mem,locks=none
[    0.884733] vgaarb: loaded
[    0.885228] vgaarb: bridge control possible 0000:00:02.0
[    0.886150] SCSI subsystem initialized
[    0.886830] ACPI: bus type USB registered
[    0.887443] usbcore: registered new interface driver usbfs
[    0.888194] usbcore: registered new interface driver hub
[    0.888922] usbcore: registered new device driver usb
[    0.890168] PCI: Using ACPI for IRQ routing
[    0.891023] NetLabel: Initializing
[    0.891554] NetLabel:  domain hash size = 128
[    0.892195] NetLabel:  protocols = UNLABELED CIPSOv4
[    0.892890] NetLabel:  unlabeled traffic allowed by default
[    0.893732] amd_nb: Cannot enumerate AMD northbridges
[    0.894456] clocksource: Switched to clocksource kvm-clock
[    0.900377] AppArmor: AArr lest Ebl
[    1.294188] pnp: PnP ACPI init
[    1.295399] p: PP PIfod 3 devices

[   4947] clocksource: acpi_pm: mask: 0xffffff max_cycles: 0xffffff, max_idle_ns: 2085701024 ns
[   598938NE Registered protocol family 2

[    1.763373] TCP established hash table entries: 8192 (order: 4, 65536 bytes)
[    1.764424] TCP bind hash table entries: 8192 (order: 5, 131072 bytes)
[    1.765377] TCP: Hash tables configured (established 8192 bind 8192)
[    1.766910] UDP hash table entries: 512 (order: 2, 16384 bytes)
[    1.767786] UDP-Lite hash table entries: 512 (order: 2, 16384 bytes)
[    1.768738] NET: Registered protocol family 1
[    1.769449] pci 0000:00:00.0: Limiting direct PCI/PCI transfers
[    1.770354] pci 0000:00:01.0: Activating ISA DMA hang workarounds
[    1.776746] Unpacking initramfs...
[    1.961492] Freeing initrd memory: 14792K
[    2.071305] platform rtc_cmos: registered platform RTC device (no PNP device found)
[    2.072687] Scanning for low memory corruption every 60 seconds
[    2.073985] audit: initializing netlink subsys (disabled)
[    2.074828] audit: type=2000 audit(1535568344.482:1): initialized
[    2.075958] Initialise system trusted keyring
[    2.076802] HugeTLB registered 2 MB page size, pre-allocated 0 pages
[    2.089402] zbud: loaded
[    2.111487] VFS: Disk quotas dquot_6.6.0
[    2.112142] VFS: Dquot-cache hash table entries: 512 (order 0, 4096 bytes)
[    2.113376] squashfs: version 4.0 (2009/01/31) Phillip Lougher
[    2.114404] fuse init (API version 7.23)
[    2.115125] Key type big_key registered
[    2.115715] Allocating IMA MOK and blacklist keyrings.
[    2.117631] Key type asymmetric registered
[    2.118307] Asymmetric key parser 'x509' registered
[    2.138988] Block layer SCSI generic (bsg) driver version 0.4 loaded (major 249)
[    2.140273] io scheduler noop registered
[    2.140945] io scheduler deadline registered (default)
[    2.141715] io scheduler cfq registered
[    2.142409] pci_hotplug: PCI Hot Plug PCI Core version: 0.5
[    2.186567] pciehp: PCI Express Hot Plug Controller Driver version: 0.4
[    2.187520] ACPI: AC Adapter [AC] (on-line)
[    2.188167] input: Power Button as /devices/LNXSYSTM:00/LNXPWRBN:00/input/input0
[    2.189236] ACPI: Power Button [PWRF]
[    2.189832] input: Sleep Button as /devices/LNXSYSTM:00/LNXSLPBN:00/input/input1
[    2.191080] ACPI: Sleep Button [SLPF]
[    2.191838] GHES: HEST is not enabled!
[    2.192996] ACPI: Battery Slot [BAT0] (battery present)
[    2.193812] Serial: 8250/16550 driver, 32 ports, IRQ sharing enabled
[    2.216128] 00:02: ttyS0 at I/O 0x3f8 (irq = 4, base_baud = 115200) is a 16550A
[    2.218175] Linux agpgart interface v0.103
[    2.220247] loop: module loaded
[    2.221367] scsi host0: ata_piix
[    2.222064] scsi host1: ata_piix
[    2.222669] ata1: PATA max UDMA/33 cmd 0x1f0 ctl 0x3f6 bmdma 0xd000 irq 14
[    2.223695] ata2: PATA max UDMA/33 cmd 0x170 ctl 0x376 bmdma 0xd008 irq 15
[    2.224748] libphy: Fixed MDIO Bus: probed
[    2.225434] tun: Universal TUN/TAP device driver, 1.6
[    2.226228] tun: (C) 1999-2004 Max Krasnyansky <maxk@qualcomm.com>
[    2.227184] PPP generic driver version 2.4.2
[    2.227921] ehci_hcd: USB 2.0 'Enhanced' Host Controller (EHCI) Driver
[    2.228885] ehci-pci: EHCI PCI platform driver
[    2.232264] ehci-platform: EHCI generic platform driver
[    2.233079] ohci_hcd: USB 1.1 'Open' Host Controller (OHCI) Driver
[    2.233987] ohci-pci: OHCI PCI platform driver
[    2.234703] ohci-platform: OHCI generic platform driver
[    2.235527] uhci_hcd: USB Universal Host Controller Interface driver
[    2.236505] i8042: PNP: PS/2 Controller [PNP0303:PS2K,PNP0f03:PS2M] at 0x60,0x64 irq 1,12
[    2.238235] serio: i8042 KBD port at 0x60,0x64 irq 1
[    2.239024] serio: i8042 AUX port at 0x60,0x64 irq 12
[    2.239891] mousedev: PS/2 mouse device common for all mice
[    2.241047] rtc_cmos rtc_cmos: rtc core: registered rtc_cmos as rtc0
[    2.242047] rtc_cmos rtc_cmos: alarms up to one day, 114 bytes nvram
[    2.243034] input: AT Translated Set 2 keyboard as /devices/platform/i8042/serio0/input/input2
[    2.244415] i2c /dev entries driver
[    2.245138] device-mapper: uevent: version 1.0.3
[    2.245918] device-mapper: ioctl: 4.34.0-ioctl (2015-10-28) initialised: dm-devel@redhat.com
[    2.247291] ledtrig-cpu: registered to indicate activity on CPUs
[    2.248654] NET: Registered protocol family 10
[    2.249553] NET: Registered protocol family 17
[    2.250275] Key type dns_resolver registered
[    2.251162] registered taskstats version 1
[    2.251842] Loading compiled-in X.509 certificates
[    2.253054] Loaded X.509 cert 'Build time autogenerated kernel key: 4eb3d024ac16f76c1747ffd474694c84db21038b'
[    2.254550] zswap: loaded using pool lzo/zbud
[    2.256803] Key type trusted registered
[    2.259770] Key type encrypted registered
[    2.260453] AppArmor: AppArmor sha1 policy hashing enabled
[    2.261278] ima: No TPM chip found, activating TPM-bypass!
[    2.262104] ima: Allocated hash algorithm: sha1
[    2.262851] evm: HMAC attrs: 0x1
[    2.263725]   Magic number: 14:338:798
[    2.264475] rtc_cmos rtc_cmos: setting system clock to 2018-08-29 18:45:40 UTC (1535568340)
[    2.265920] BIOS EDD facility v0.16 2004-Jun-25, 0 devices found
[    2.266846] EDD information not available.
[    2.383488] Freeing unused kernel memory: 1516K
[    2.390463] Write protecting the kernel read-only data: 14336k
[    2.394786] Freeing unused kernel memory: 1672K
[    2.416924] Freeing unused kernel memory: 92K
Loading, please wait...
starting version 229
[    2.430629] random: systemd-udevd: uninitialized urandom read (16 bytes read, 3 bits of entropy available)
[    2.431392] random: udevadm: uninitialized urandom read (16 bytes read, 3 bits of entropy available)
[    2.431412] random: udevadm: uninitialized urandom read (16 bytes read, 3 bits of entropy available)
[    2.439180] random: udevadm: uninitialized urandom read (16 bytes read, 3 bits of entropy available)
[    2.439221] random: udevadm: uninitialized urandom read (16 bytes read, 3 bits of entropy available)
[    2.439347] random: udevadm: uninitialized urandom read (16 bytes read, 3 bits of entropy available)
[    2.439394] random: udevadm: uninitialized urandom read (16 bytes read, 3 bits of entropy available)
[    2.439441] random: udevadm: uninitialized urandom read (16 bytes read, 3 bits of entropy available)
[    2.439486] random: udevadm: uninitialized urandom read (16 bytes read, 3 bits of entropy available)
[    2.439528] random: udevadm: uninitialized urandom read (16 bytes read, 3 bits of entropy available)
[    2.692992] e1000: Intel(R) PRO/1000 Network Driver - version 7.3.21-k8-NAPI
[    2.707016] e1000: Copyright (c) 1999-2006 Intel Corporation.
[    2.717170] Fusion MPT base driver 3.04.20
[    2.719994] Copyright (c) 1999-2008 LSI Corporation
[    2.723542] AVX2 version of gcm_enc/dec engaged.
[    2.726665] AES CTR mode by8 optimization enabled
[    2.735523] Fusion MPT SPI Host driver 3.04.20
[    2.912032] input: ImExPS/2 Generic Explorer Mouse as /devices/platform/i8042/serio1/input/input4
[    3.045971] e1000 0000:00:03.0 eth0: (PCI:33MHz:32-bit) 02:93:23:4d:82:b3
[    3.096854] e1000 0000:00:03.0 eth0: Intel(R) PRO/1000 Network Connection
[    3.097848] tsc: Refined TSC clocksource calibration: 2713.247 MHz
[    3.098748] clocksource: tsc: mask: 0xffffffffffffffff max_cycles: 0x271c2032714, max_idle_ns: 440795210785 ns
[    3.100905] mptbase: ioc0: Initiating bringup
[    3.162947] ioc0: LSI53C1030 A0: Capabilities={Initiator}
[    3.329924] scsi host2: ioc0: LSI53C1030 A0, FwRev=00000000h, Ports=1, MaxQ=256, IRQ=20
[    3.447675] scsi 2:0:0:0: Direct-Access     VBOX     HARDDISK         1.0  PQ: 0 ANSI: 5
[    3.456069] scsi target2:0:0: Beginning Domain Validation
[    3.466769] scsi target2:0:0: Domain Validation skipping write tests
[    3.471217] scsi target2:0:0: Ending Domain Validation
[    3.488498] scsi target2:0:0: asynchronous
[    3.497298] scsi 2:0:1:0: Direct-Access     VBOX     HARDDISK         1.0  PQ: 0 ANSI: 5
[    3.500187] scsi target2:0:1: Beginning Domain Validation
[    3.512597] scsi target2:0:1: Domain Validation skipping write tests
[    3.514936] scsi target2:0:1: Ending Domain Validation
[    3.515971] scsi target2:0:1: asynchronous
[    3.559447] sd 2:0:0:0: Attached scsi generic sg0 type 0
[    3.589551] sd 2:0:0:0: [sda] 20971520 512-byte logical blocks: (10.7 GB/10.0 GiB)
[    3.590952] sd 2:0:0:0: [sda] Write Protect is off
[    3.591696] sd 2:0:0:0: [sda] Incomplete mode parameter data
[    3.592459] sd 2:0:0:0: [sda] Assuming drive cache: write through
[    3.594152]  sda: sda1
[    3.594636] sd 2:0:1:0: [sdb] 20480 512-byte logical blocks: (10.5 MB/10.0 MiB)
[    3.596064] sd 2:0:1:0: [sdb] Write Protect is off
[    3.596831] sd 2:0:1:0: [sdb] Incomplete mode parameter data
[    3.602964] sd 2:0:1:0: [sdb] Assuming drive cache: write through
[    3.603870] sd 2:0:0:0: [sda] Attached SCSI disk
[    3.604682] sd 2:0:1:0: Attached scsi generic sg1 type 0
[    3.607190] sd 2:0:1:0: [sdb] Attached SCSI disk
[    3.797457] e1000 0000:00:08.0 eth1: (PCI:33MHz:32-bit) 08:00:27:d6:c4:64
[    3.798483] e1000 0000:00:08.0 eth1: Intel(R) PRO/1000 Network Connection
[    3.800188] e1000 0000:00:08.0 enp0s8: renamed from eth1
[    3.811832] e1000 0000:00:03.0 enp0s3: renamed from eth0
Begin: Loading essential drivers ... [    5.133764] md: linear personality registered for level -1
[    5.136803] md: multipath personality registered for level -4
[    5.139780] md: raid0 personality registered for level 0
[    5.143049] md: raid1 personality registered for level 1
[    5.214511] raid6: sse2x1   gen() 12193 MB/s
[    5.282512] raid6: sse2x1   xor()  9049 MB/s
[    5.350512] raid6: sse2x2   gen() 14870 MB/s
[    5.418515] raid6: sse2x2   xor() 10339 MB/s
[    5.486512] raid6: sse2x4   gen() 17030 MB/s
[    5.554507] raid6: sse2x4   xor() 11930 MB/s
[    5.622509] raid6: avx2x1   gen() 24271 MB/s
[    5.690496] raid6: avx2x2   gen() 25510 MB/s
[    5.762501] raid6: avx2x4   gen() 30195 MB/s
[    5.763223] raid6: using algorithm avx2x4 gen() 30195 MB/s
[    5.764052] raid6: using avx2x2 recovery algorithm
[    5.765830] xor: automatically using best checksumming function:
[    5.826013]    avx       : 64880.000 MB/sec
[    6.287331] async_tx: api initialized (async)
[    6.294304] md: raid6 personality registered for level 6
[    6.296267] md: raid5 personality registered for level 5
[    6.297079] md: raid4 personality registered for level 4
[    6.302352] md: raid10 personality registered for level 10
done.
Begin: Running /scripts/init-premount ... done.
Begin: Mounting root file system ... Begin: Running /scripts/local-top ... done.
Begin: Running /scripts/local-premount ... [    6.328965] Btrfs loaded
Scanning for Btrfs filesystems
done.
Warning: fsck not present, so skipping root file system
[    6.349789] EXT4-fs (sda1): mounted filesystem with ordered data mode. Opts: (null)
done.
Begin: Running /scripts/local-bottom ... done.
Begin: Running /scripts/init-bottom ... done.
[    6.434639] systemd[1]: systemd 229 running in system mode. (+PAM +AUDIT +SELINUX +IMA +APPARMOR +SMACK +SYSVINIT +UTMP +LIBCRYPTSETUP +GCRYPT +GNUTLS +ACL +XZ -LZ4 +SECCOMP +BLKID +ELFUTILS +KMOD -IDN)
[    6.437018] systemd[1]: Detected virtualization oracle.
[    6.437728] systemd[1]: Detected architecture x86-64.

Welcome to [1mUbuntu 16.04.5 LTS[0m!

[    6.440725] systemd[1]: Set hostname to <ubuntu>.
[    6.443032] systemd[1]: Initializing machine ID from random generator.
[    6.443922] systemd[1]: Installed transient /etc/machine-id file.
[    6.575453] systemd[1]: Reached target User and Group Name Lookups.
[[0;32m  OK  [0m] Reached target User and Group Name Lookups.
[    6.577335] systemd[1]: Set up automount Arbitrary Executable File Formats File System Automount Point.
[[0;32m  OK  [0m] Set up automount Arbitrary Executab...ats File System Automount Point.
[    6.579672] systemd[1]: Started Trigger resolvconf update for networkd DNS.
[[0;32m  OK  [0m] Started Trigger resolvconf update for networkd DNS.
[    6.581442] systemd[1]: Listening on Device-mapper event daemon FIFOs.
[[0;32m  OK  [0m] Listening on Device-mapper event daemon FIFOs.
[    6.583161] systemd[1]: Listening on Journal Socket.
[[0;32m  OK  [0m] Listening on Journal Socket.
[    6.584529] systemd[1]: Reached target System Time Synchronized.
[[0;32m  OK  [0m] Reached target System Time Synchronized.
[    6.586120] systemd[1]: Started Forward Password Requests to Wall Directory Watch.
[[0;32m  OK  [0m] Started Forward Password Requests to Wall Directory Watch.
[    6.588163] systemd[1]: Listening on LVM2 poll daemon socket.
[[0;32m  OK  [0m] Listening on LVM2 poll daemon socket.
[    6.589898] systemd[1]: Created slice System Slice.
[[0;32m  OK  [0m] Created slice System Slice.
[    6.602810] systemd[1]: Mounting Debug File System...
         Mounting Debug File System...
[    6.650585] systemd[1]: Created slice system-serial\x2dgetty.slice.
[[0;32m  OK  [0m] Created slice system-serial\x2dgetty.slice.
[    6.698171] systemd[1]: Starting Create list of required static device nodes for the current kernel...
         Starting Create list of required st... nodes for the current kernel...
[    6.706704] systemd[1]: Starting Uncomplicated firewall...
         Starting Uncomplicated firewall...
[    6.723331] systemd[1]: Starting Remount Root and Kerne  File Systems...
[    6.727829] EXT4-fs (sda1): re-mounted. Opts: (null)
         Starting Remount Root and Kernel File Systems...
[    6.806796] systemd[1]: Starting Set console keymap...
         Starting Set console keymap...
[    6.837876] systemd[1]: Listening on Journal Audit Socket.
[[0;32m  OK  [0m] Listening on Journal Audit Socket.
[    6.839745] systemd[1]: Listening on Journal Socket (/dev/log).
[[0;32m  OK  [0m] Listening on Journal Socket (/dev/log).
[    6.842793] systemd[1]: Starting Load Kernel Modules...
         Starting Load Kernel Modules...
[    6.847412] systemd[1]: Reached target Swap.
[[0;32m  OK  [0m] Reached target Swap.
[    6.848739] systemd[1]: Listening on /dev/initctl Compatibility Named Pipe.
[    6.849746] Loading iSCSI transport class v2.0-870.
[[0;32m  OK  [0m] Listening on /dev/initctl Compatibility Named Pipe.
[    6.851256] systemd[1]: Listening on udev Control Socket.
[[0;32m  OK  [0m] Listening on[    6.858968] iscsi: registered transport (tcp)
 udev Control Socket.
[    6.876429] systemd[1]: Listening on udev Kernel Socket.
[[0;32m  OK  [0m] Listening on udev Kernel Socket.
[    6.878422] systemd[1]: Mounting Huge Pages File System...
         Mounting Huge Pages File System...
[    6.880372] systemd[1]: Mounting POSIX Message Queue File System...
         Mounting POSIX Message Queue File System...
[    6.882192] systemd[1]: Created slice User and Session Slice.
[[0;32m  OK  [0m] Created slice User and Session Slice.
[    6.883804] systemd[1]: Reached target Slices.
[[0;32m  OK  [0m] Reached target Slices.
[    6.885855] systemd[1]: Listening on LVM2 metadata daemon socket.
[[0;32m  OK  [0m] Listening on LVM2 metadata daemon socket.
[    6.890711] systemd[1]: Starting Monitoring of LVM2 mirrors, snapshots etc. using dmeventd or progress polling...
         Starting Monitoring of LVM2 mirrors... dmeventd or progress polling...
[    6.893763] systemd[1]: Starting Nameserver information manager...
         Starting Nameserver information manager...
[    6.905228] systemd[1]: Reached target Encrypted Volumes.
[[0;32m  OK  [0m] Reached target Encrypted Volumes.
[    6.907286] systemd[1]: Listening on Syslog Socket.
[[0;32m  OK  [0m] Listening on Syslog Socket.
[    6.916723] systemd[1]: Starting Journal Service...
[    6.935195] iscsi: registered transport (iser)
         Starting Journal Service...
[    6.975582] systemd[1]: Mounted POSIX Message Queue File System.
[[0;32m  OK  [0m] Mounted POSIX Message Queue File System.
[    7.007620] systemd[1]: Mounted Debug File System.
[[0;32m  OK  [0m] Mounted Debug File System.
[    7.009040] systemd[1]: Mounted Huge Pages File System.
[[0;32m  OK  [0m] Mounted Huge Pages File System.
[    7.010529] systemd[1]: Started Journal Service.
[[0;32m  OK  [0m] Started Journal Service.
[[0;32m  OK  [0m] Started Create list of required sta...ce nodes for the current kernel.
[[0;32m  OK  [0m] Started Uncomplicated firewall.
[[0;32m  OK  [0m] Started Remount Root and Kernel File Systems.
[[0;32m  OK  [0m] Started Set console keymap.
[[0;32m  OK  [0m] Started Load Kernel Modules.
[[0;32m  OK  [0m] Started Nameserver information manager.
[[0;32m  OK  [0m] Started LVM2 metadata daemon.
         Mounting FUSE Control File System...
         [    7.111769] random: nonblocking pool is initialized
Starting Apply Kernel Variables...
         Starting udev Coldplug all Devices...
         Starting Load/Save Random Seed...
         Starting Create Static Device Nodes in /dev...
         Starting Flush Journal to Persistent Storage...
[[0;32m  OK  [0m] Mounted FUSE Control File System.
[[0;32m  OK  [0m] Started Apply Kernel Variables.
[[0;32m  OK  [0m] Started Load/Save Random Seed.
[[0;32m  OK  [0m] Started Create Static Device Nodes in /dev.
[[0;32m  OK  [0m] Started udev Coldplug all Devices.
[[0;32m  OK  [0m] Started Flush Journal to Persistent Storage.
         Starting udev Kernel Device Manager...
[[0;32m  OK  [0m] Started udev Kernel Device Manager.
[[0;32m  OK  [0m] Started Dispatch Password Requests to Console Directory Watch.
[[0;32m  OK  [0m] Found device /dev/ttyS0.
[[0;32m  OK  [0m] Listening on Load/Save RF Kill Switch Status /dev/rfkill Watch.
[[0;32m  OK  [0m] Started Monitoring of LVM2 mirrors,...ng dmeventd or progress polling.
[[0;32m  OK  [0m] Reached target Local File Systems (Pre).
[[0;32m  OK  [0m] Reached target Local File Systems.
         Starting Set console font and keymap...
         Starting Commit a transient machine-id on disk...
         Starting Tell Plymouth To Write Out Runtime Data...
         Starting LSB: AppArmor initialization...
         Starting Initial cloud-init job (pre-networking)...
         Starting Create Volatile Files and Directories...
[[0;32m  OK  [0m] Started Commit a transient machine-id on disk.
[[0;32m  OK  [0m] Started Tell Plymouth To Write Out Runtime Data.
[[0;32m  OK  [0m] Started Create Volatile Files and Directories.
         Starting Update UTMP about System Boot/Shutdown...
[[0;32m  OK  [0m] Started Update UTMP about System Boot/Shutdown.
[[0;32m  OK  [0m] Started Set console font and keymap.
[[0;32m  OK  [0m] Created slice system-getty.slice.
[[0;32m  OK  [0m] Started LSB: AppArmor initialization.
[    8.055426] cloud-init[630]: Cloud-init v. 18.3-9-g2e62cb8a-0ubuntu1~16.04.2 running 'init-local' at Wed, 29 Aug 2018 18:45:46 +0000. Up 7.77 seconds.
[[0;32m  OK  [0m] Started Initial cloud-init job (pre-networking).
[[0;32m  OK  [0m] Reached target Network (Pre).
         Starting Raise network interfaces...
[[0;32m  OK  [0m] Started Raise network interfaces.
[[0;32m  OK  [0m] Reached target Network.
         Starting Initial cloud-init job (metadata service crawler)...
[    9.207959] cloud-init[952]: Cloud-init v. 18.3-9-g2e62cb8a-0ubuntu1~16.04.2 running 'init' at Wed, 29 Aug 2018 18:45:47 +0000. Up 8.65 seconds.
[    9.321347] [cloud-init[0;32m  OK  [0m[952]: ] ci-info: ++++++++++++++++++++++++++++++++++++++Net device info+++++++++++++++++++++++++++++++++++++++Started Initial cloud-init job (metadata service crawler).

[    9.364574] [[0;32m  OK  [0m] Reached target System Initialization.
[[0;32m  OK  [0m] Started Daily apt download activities.
[[0;32m  OK  [0m] Listening on ACPID Listen Socket.
[[0;32m  OK  [0m] Listening on UUID daemon activation socket.
         Starting Socket activation for snappy daemon.
cloud-init[952]: ci-info: +--------+-------+----------------------------+---------------+--------+-------------------+
[    9.381315] [[0;32m  OK  [0m] Started ACPI Events Check.
[[0;32m  OK  [0m] Reached target Paths.
cloud-init[952]:          Starting LXD - unix socket.
[[0;32m  OK  [0m] Listening on D-Bus System Message Bus Socket.
[[0;32m  OK  [0m] Started Daily apt upgrade and clean activities.
[[0;32m  OK  [0m] Started Daily Cleanup of Temporary Directories.
[[0;32m  OK  [0m] Reached target Timers.
ci-info: | Device |   Up  |          Address           |      Mask     | Scope  |     Hw-Address    |
[[0;32m  OK  [0m] Reached target Network is Online.
[    9.389219] cloud-init[952]: ci-info: +--------+-------+----------------------------+---------------+--------+-------------------+
[    9.463086]          cloud-initStarting iSCSI initiator daemon (iscsid)...[952]: 
ci-info: | enp0s3 |  True |         10.0.2.15          | 255.255.255.0 | global | 02:93:23:4d:82:b3 |
[    9.472894] [[0;32m  OK  [0m] Reached target Cloud-config availability.
[[0;32m  OK  [0m] Listening on Socket activation for snappy daemon.
[[0;32m  OK  [0m] Listening on LXD - unix socket.
cloud-init[952]: ci-info: | enp0s3 |  True | fe80::93:23ff:fe4d:82b3/64 |       .       |  link  | 02:93:23:4d:82:b3 |
[    9.476243] cloud-init[[0;32m  OK  [0m] Reached target Sockets.
[[0;32m  OK  [0m] Reached target Basic System.
         Starting LSB: MD monitoring daemon...
[952]: ci-info: | enp0s8 | False |             .              |       .       |   .    | 08:00:27:d6:c4:64 |
[    9.490986] [[0;32m  OK  [0m] Started Regular background program processing daemon.
cloud-init[[0;32m  OK  [0m] Started D-Bus System Message Bus.
[952]: ci-info: |   lo   |  True |         127.0.0.1          |   255.0.0.0   |  host  |         .         |
[    9.493777] cloud-init[952]: ci-info: |   lo   |  True |          ::1/128           |       .       |  host  |         .         |
[    9.495346] cloud-init[952]: ci-info: +--------+-------+----------------------------+---------------+--------+-------------------+
[    9.496927] cloud-init[952]: ci-info: +++++++++++++++++++++++++++Route IPv4 info++++++++++++++++++++++++++++
[    9.498299] cloud-init[952]: ci-info: +-------+-------------+----------+---------------+-----------+-------+
[    9.499811] cloud-init[952]: ci-info: | Route | Destination | Gateway  |    Genmask    | Interface | Flags |
[    9.501341] cloud-init[952]: ci-info: +-------+-------------+----------+---------------+-----------+-------+
[    9.502872] cloud-init[952]: ci-info: |   0   |   0.0.0.0   | 10.0.2.2 |    0.0.0.0    |   enp0s3  |   UG  |
[    9.528022] [[0;32m  OK  [0m] Started ACPI event daemon.
cloud-init[952]: ci-info: |   1   |   10.0.2.0  | 0.0.0.0  | 255.255.255.0 |   enp0s3  |   U   |         Starting Accounts Service...

[    9.529858]          Starting /etc/rc.local Compatibility...
[[0;32m  OK  [0m] Started Unattended Upgrades Shutdown.
cloud-init[952]: ci-info: +-------+-------------+----------+---------------+-----------+-------+         Starting Login Service...

[    9.532099]          Starting LXD - container startup/shutdown...
cloud-init[952]: ci-info: +++++++++++++++++++Route IPv6 info+++++++++++++++++++         Starting LSB: Record successful boot for GRUB...

         Starting Virtualbox guest utils...
[[0;32m  OK  [0m] Started FUSE filesystem for LXC.
[    9.534734] cloud-init[952]: ci-info: +-------+-------------+---------+-----------+-------+
[    9.591718] [[0;32m  OK  [0m] Started Deferred execution scheduler.
cloud-init[952]: ci-info: | Route | Destination | Gateway | Interface | Flags |
[    9.594144] cloud-init[952]: ci-info: +-------+-------------+---------+-----------+-------+
[    9.603882]          Starting Pollinate to seed the pseudo random number generator...
         Starting System Logging Service...
cloud-init[952]: ci-info: |   0   |  fe80::/64  |    ::   |   enp0s3  |   U   |
         Starting Snappy daemon...
[    9.610049] cloud-init[952]: ci-info: |   3   |   ff00::/8  |    ::   |   enp0s3  |   U   |
[    9.614695] cloud-init[952]: ci-info: +-------+-------------+---------+-----------+-------+
[    9.614891] cloud-init[952]: Generating public/private rsa key pair.
[    9.615123] cloud-init[952]: Your identification has been saved in /etc/ssh/ssh_host_rsa_key.
[    9.615229] cloud-init[952]: Your public key has been saved in /etc/ssh/ssh_host_rsa_key.pub.
[    9.615325] cloud-init[952]: The key fingerprint is:
[    9.615521] cloud-init[952]: SHA256:AmkvVCO6MeWUxO4SUF08FlO49cL413HT12JXw2yDT4w root@ubuntu-xenial
[    9.615619] cloud-init[952]: The key's randomart image is:
[    9.615723] cloud-init[952]: +---[RSA 2048]----+
[    9.615829] cloud-init[952]: | ..+=+*+.     *  |
[    9.615933] cloud-init[952]: |.  =++=o.    E O.|
[    9.617184] cloud-init[952]: | .+.*. * .    +.=|
[    9.617417] cloud-init[952]: |  .*.oo o . . =.=|
[    9.617498] cloud-init[952]: |  .o. o.S. . + +.|
[    9.617592] cloud-init[952]: |  . .. .. . .    |
[    9.617686] cloud-init[952]: |   .     .       |
[    9.617781] cloud-init[952]: |                 |
[    9.617875] cloud-init[952]: |                 |
[    9.617975] cloud-init[952]: +----[SHA256]-----+
[    9.618067] cloud-init[952]: Generating public/private dsa key pair.
[    9.618161] cloud-init[952]: Your identification has been saved in /etc/ssh/ssh_host_dsa_key.
[    9.618255] cloud-init[952]: Your public key has been saved in /etc/ssh/ssh_host_dsa_key.pub.
[    9.618349] cloud-init[952]: The key fingerprint is:
[    9.618550] cloud-init[952]: SHA256:57eyYzRxvTCX709WwnTcnxGoTy5TDzZePy1TyOV3XVI root@ubuntu-xenial
[    9.618646] cloud-init[952]: The key's randomart image is:
[    9.618744] cloud-init[952]: +---[DSA 1024]----+
[    9.618839] cloud-init[952]: |              .oE|
[    9.618933] cloud-init[952]: |             ...=|
[    9.619030] cloud-init[952]: |            .o.B*|
[    9.619124] cloud-init[952]: |          ..+O*oX|
[    9.619225] cloud-init[952]: |        S .oB+B=B|
[    9.619318] cloud-init[952]: |         ooo +++=|
[    9.619421] cloud-init[952]: |         ...+  ++|
[    9.619513] cloud-init[952]: |          +. . o.|
[    9.619609] cloud-init[952]: |         ..+.   o|
[    9.619705] cloud-init[952]: +----[SHA256]-----+
[    9.619801] cloud-init[952]: Generating public/private ecdsa key pair.
[    9.619894] cloud-init[952]: Your identification has been saved in /etc/ssh/ssh_host_ecdsa_key.
[    9.619989] cloud-init[952]: Your public key has been saved in /etc/ssh/ssh_host_ecdsa_key.pub.
[    9.620191] cloud-init[952]: The key fingerprint is:
[    9.620281] cloud-init[952]: SHA256:cRiKDfRALCCopjfyb3j+pAWOB/7tjq9vlXNNDqbS2F8 root@ubuntu-xenial
[    9.620383] cloud-init[952]: The key's randomart image is:
[    9.620476] cloud-init[952]: +---[ECDSA 256]---+
[    9.620570] cloud-init[952]: |+. +=   .        |
[    9.620666] cloud-init[952]: |o . .* . o       |
[    9.620760] cloud-init[952]: |.  .. + o .      |
[    9.620857] cloud-init[952]: |..       oo .    |
[    9.620951] cloud-init[952]: |o . .  +S+ =     |
[    9.621051] cloud-init[952]: |o.o+ .o B . E    |
[    9.621145] cloud-init[952]: | +ooo oo + .     |
[    9.621236] cloud-init[952]: |  ooo*.   .      |
[    9.621334] cloud-init[952]: |   =BOB          |
[    9.621433] cloud-init[952]: +----[SHA256]-----+
[    9.621626] cloud-init[952]: Generating public/private ed25519 key pair.
[    9.621722] cloud-init[952]: Your identification has been saved in /etc/ssh/ssh_host_ed25519_key.
[    9.621819] cloud-init[952]: Your public key has been saved in /etc/ssh/ssh_host_ed25519_key.pub.
[    9.621913] cloud-init[952]: The key fingerprint is:
[    9.622009] cloud-init[952]: SHA256:W8/ESG7RjpbkVENYnQJI0U9CllrTXqX4aqkfDYx3KBc root@ubuntu-xenial
[    9.622104] cloud-init[952]: The key's randomart image is:
[    9.622198] cloud-init[952]: +--[ED25519 256]--+
[    9.622297] cloud-init[952]: |       .o=+B=. o.|
[    9.622394] cloud-init[952]: |        ..Bo+o+. |
[    9.622783] cloud-init[952]: |         o=*Eo.  |
[    9.622960] cloud-init[952]: |        .* Xo+   |
[    9.623059] cloud-init[952]: |        S % X o  |
[    9.623154] cloud-init[952]: |         = B *   |
[    9.623248] cloud-init[952]: |        .   B .  |
[    9.623342] cloud-init[952]: |           o .   |
[    9.623450] cloud-init[952]: |          ...    |
[    9.623541] cloud-init[952]: +----[SHA256]-----+
[[0;32m  OK  [0m] Started iSCSI initiator daemon (iscsid).
[[0;32m  OK  [0m] Started /etc/rc.local Compatibility.
[[0;32m  OK  [0m] Started System Logging Service.
[[0;32m  OK  [0m] Started LSB: MD monitoring daemon.
[[0;32m  OK  [0m] Started LXD - container startup/shutdown.
[[0;32m  OK  [0m] Started Login Service.
[[0;32m  OK  [0m] Started LSB: Record successful boot for GRUB.
         Starting Authenticate and Authorize Users to Run Privileged Tasks...
         Starting Login to default iSCSI targets...
[[0;32m  OK  [0m] Started Virtualbox guest utils.
[[0;32m  OK  [0m] Started Authenticate and Authorize Users to Run Privileged Tasks.
[[0;32m  OK  [0m] Started Accounts Service.
[[0;32m  OK  [0m] Started Login to default iSCSI targets.
[[0;32m  OK  [0m] Reached target Remote File Systems (Pre).
[[0;32m  OK  [0m] Reached target Remote File Systems.
         Starting LSB: Set the CPU Frequency Scaling governor to "ondemand"...
         Starting LSB: automatic crash report generation...
         Starting Permit User Sessions...
         Starting LSB: daemon to balance interrupts for SMP systems...
[[0;32m  OK  [0m] Started Permit User Sessions.
         Starting Terminate Plymouth Boot Screen...
         Starting Hold until boot process finishes up...
[[0;32m  OK  [0m] Started LSB: Set the CPU Frequency Scaling governor to "ondemand".
[[0;32m  OK  [0m] Started LSB: automatic crash report generation.
[[0;32m  OK  [0m] Started Terminate Plymouth Boot Screen.
[[0;32m  OK  [0m] Started Hold until boot process finishes up.
[[0;32m  OK  [0m] Started Snappy daemon.
         Starting Wait until snapd is fully seeded...
         Starting Set console scheme...
[[0;32m  OK  [0m] Started Getty on tty1.
[[0;32m  OK  [0m] Started Serial Getty on ttyS0.
[[0;32m  OK  [0m] Reached target Login Prompts.
[[0;32m  OK  [0m] Started LSB: daemon to balance interrupts for SMP systems.
[[0;32m  OK  [0m] Started Set console scheme.
[[0;32m  OK  [0m] Started Pollinate to seed the pseudo random number generator.
         Starting OpenBSD Secure Shell server...
[[0;32m  OK  [0m] Started OpenBSD Secure Shell server.
[[0;32m  OK  [0m] Created slice User Slice of vagrant.
         Starting User Manager for UID 1000...
[[0;32m  OK  [0m] Started Session 1 of user vagrant.
[[0;32m  OK  [0m] Started User Manager for UID 1000.
[   15.252108] cloud-init[1426]: Generating locales (this might take a while)...
[   15.804354] cloud-init[1426]:   en_US.UTF-8... done
[   15.804659] cloud-init[1426]: Generation complete.

Ubuntu 16.04.5 LTS ubuntu-xenial ttyS0

ubuntu-xenial login: [   16.054619] cloud-init[1426]: Cloud-init v. 18.3-9-g2e62cb8a-0ubuntu1~16.04.2 running 'modules:config' at Wed, 29 Aug 2018 18:45:54 +0000. Up 15.16 seconds.
ci-info: no authorized ssh keys fingerprints found for user ubuntu.
<14>Aug 29 18:45:55 ec2: 
<14>Aug 29 18:45:55 ec2: #############################################################
<14>Aug 29 18:45:55 ec2: -----BEGIN SSH HOST KEY FINGERPRINTS-----
<14>Aug 29 18:45:55 ec2: 1024 SHA256:57eyYzRxvTCX709WwnTcnxGoTy5TDzZePy1TyOV3XVI root@ubuntu-xenial (DSA)
<14>Aug 29 18:45:55 ec2: 256 SHA256:cRiKDfRALCCopjfyb3j+pAWOB/7tjq9vlXNNDqbS2F8 root@ubuntu-xenial (ECDSA)
<14>Aug 29 18:45:55 ec2: 256 SHA256:W8/ESG7RjpbkVENYnQJI0U9CllrTXqX4aqkfDYx3KBc root@ubuntu-xenial (ED25519)
<14>Aug 29 18:45:55 ec2: 2048 SHA256:AmkvVCO6MeWUxO4SUF08FlO49cL413HT12JXw2yDT4w root@ubuntu-xenial (RSA)
<14>Aug 29 18:45:55 ec2: -----END SSH HOST KEY FINGERPRINTS-----
<14>Aug 29 18:45:55 ec2: #############################################################
-----BEGIN SSH HOST KEY KEYS-----
ecdsa-sha2-nistp256 AAAAE2VjZHNhLXNoYTItbmlzdHAyNTYAAAAIbmlzdHAyNTYAAABBBMfDPSxmFq6qP1MUlLbJAX+8RaAU9mFuoC5BzOBIZ+D4T0AL38gdYAe6hdJyzB6nNcdWS8djgERp1P+kuiuhevc= root@ubuntu-xenial
ssh-ed25519 AAAAC3NzaC1lZDI1NTE5AAAAIHClpVd1GE3my07+MkieGrOThdbJ9lphDxamL7TanD6I root@ubuntu-xenial
ssh-rsa AAAAB3NzaC1yc2EAAAADAQABAAABAQDbZFQrYHtNrFfhD8w6N+ZRQOJCqwFIDOZ/V91Jt5SCDbpee9F4LQOGqoUn6TBWdbVxYOtvim/rodhclibfRx+V54h4pOvIPaC63+aLD8U8PkEggh7vZg9nCloWWW4cYhto/tH/xKsP5+uvRqUL7616nTkUQeVN6Gfj6LKVLv3A6sV+Z6p+aAoloY+W/KGlPw4XpQ7TxnBk5pLdyOzganIHw4lFho1pJsWmnuUsNCJUZQDVOjGi2/nWSoDtRqPDIGMIeJCVuMamxuAOj+iMMO/PViHeg+83N+jetecdsYU2DzTPjz0eMtmIm3xU0XlAVB6VK4jq93TeBDksK0VAW6/v root@ubuntu-xenial
-----END SSH HOST KEY KEYS-----
[   16.433593] cloud-init[1510]: Cloud-init v. 18.3-9-g2e62cb8a-0ubuntu1~16.04.2 running 'modules:final' at Wed, 29 Aug 2018 18:45:55 +0000. Up 16.31 seconds.
[   16.433744] cloud-init[1510]: ci-info: no authorized ssh keys fingerprints found for user ubuntu.
[   16.433828] cloud-init[1510]: Cloud-init v. 18.3-9-g2e62cb8a-0ubuntu1~16.04.2 finished at Wed, 29 Aug 2018 18:45:55 +0000. Datasource DataSourceNoCloud [seed=/dev/sdb][dsmode=net].  Up 16.42 seconds
